-------------------------------------------------------------------------------
Test set: marleypetclinic.MarleyPetClinicApplicationTests
-------------------------------------------------------------------------------
Tests run: 1, Failures: 0, Errors: 1, Skipped: 0, Time elapsed: 0.491 s <<< FAILURE! - in marleypetclinic.MarleyPetClinicApplicationTests
marleypetclinic.MarleyPetClinicApplicationTests  Time elapsed: 0.489 s  <<< ERROR!
java.lang.IllegalStateException: Unable to find a @SpringBootConfiguration, you need to use @ContextConfiguration or @SpringBootTest(classes=...) with your test

